<?xml version="1.0" encoding="UTF-8"?>
<!-- Generated by org.testng.reporters.JUnitReportReporter -->
<testsuite skipped="0" hostname="Success" name="org.Test.ParallelExecution1" tests="4" failures="0" timestamp="08 Nov 2021 03:11:27 GMT" time="0.025" errors="0">
  <testcase name="tc4" time="0.016" classname="org.Test.ParallelExecution1"/>
  <testcase name="tc7" time="0.003" classname="org.Test.ParallelExecution1"/>
  <testcase name="tc5" time="0.003" classname="org.Test.ParallelExecution1"/>
  <testcase name="tc6" time="0.003" classname="org.Test.ParallelExecution1"/>
</testsuite> <!-- org.Test.ParallelExecution1 -->
